  C:\Users\Aula 1\Documents\GitHub\EndlessGame_JonasFrancisco\EndlessGame_FranciscoJonas\SFML\dlls\x64\debug\sfml-audio-d-2.dll
  C:\Users\Aula 1\Documents\GitHub\EndlessGame_JonasFrancisco\EndlessGame_FranciscoJonas\SFML\dlls\x64\debug\sfml-graphics-d-2.dll
  C:\Users\Aula 1\Documents\GitHub\EndlessGame_JonasFrancisco\EndlessGame_FranciscoJonas\SFML\dlls\x64\debug\sfml-network-d-2.dll
  C:\Users\Aula 1\Documents\GitHub\EndlessGame_JonasFrancisco\EndlessGame_FranciscoJonas\SFML\dlls\x64\debug\sfml-system-d-2.dll
  C:\Users\Aula 1\Documents\GitHub\EndlessGame_JonasFrancisco\EndlessGame_FranciscoJonas\SFML\dlls\x64\debug\sfml-window-d-2.dll
  5 archivo(s) copiado(s)
  C:\Users\Aula 1\Documents\GitHub\EndlessGame_JonasFrancisco\EndlessGame_FranciscoJonas\SFML\dlls\x64\dependencies\openal32.dll
  1 archivo(s) copiado(s)
  main.cpp
  Entity.cpp
C:\Users\Aula 1\Documents\GitHub\EndlessGame_JonasFrancisco\EndlessGame_FranciscoJonas\Entity.cpp(8,38): error C2065: 'x': identificador no declarado
C:\Users\Aula 1\Documents\GitHub\EndlessGame_JonasFrancisco\EndlessGame_FranciscoJonas\Entity.cpp(8,41): error C2065: 'y': identificador no declarado
C:\Users\Aula 1\Documents\GitHub\EndlessGame_JonasFrancisco\EndlessGame_FranciscoJonas\Entity.cpp(12,36): warning C4305: 'argumento': truncamiento de 'double' a 'T'
C:\Users\Aula 1\Documents\GitHub\EndlessGame_JonasFrancisco\EndlessGame_FranciscoJonas\Entity.cpp(12,36): warning C4305:         with
C:\Users\Aula 1\Documents\GitHub\EndlessGame_JonasFrancisco\EndlessGame_FranciscoJonas\Entity.cpp(12,36): warning C4305:         [
C:\Users\Aula 1\Documents\GitHub\EndlessGame_JonasFrancisco\EndlessGame_FranciscoJonas\Entity.cpp(12,36): warning C4305:             T=float
C:\Users\Aula 1\Documents\GitHub\EndlessGame_JonasFrancisco\EndlessGame_FranciscoJonas\Entity.cpp(12,36): warning C4305:         ]
C:\Users\Aula 1\Documents\GitHub\EndlessGame_JonasFrancisco\EndlessGame_FranciscoJonas\Entity.cpp(24,5): error C2065: 'x': identificador no declarado
C:\Users\Aula 1\Documents\GitHub\EndlessGame_JonasFrancisco\EndlessGame_FranciscoJonas\Entity.cpp(25,5): error C2065: 'y': identificador no declarado
C:\Users\Aula 1\Documents\GitHub\EndlessGame_JonasFrancisco\EndlessGame_FranciscoJonas\Entity.cpp(27,25): error C2065: 'x': identificador no declarado
C:\Users\Aula 1\Documents\GitHub\EndlessGame_JonasFrancisco\EndlessGame_FranciscoJonas\Entity.cpp(27,28): error C2065: 'y': identificador no declarado
  Player.cpp
  Generando código...
